<?xml version="1.0" encoding="UTF-8"?>
<!-- Generated by org.testng.reporters.JUnitXMLReporter -->
<testsuite hostname="DESKTOP-FS7JD1M" ignored="0" name="All_TC_RunIN_Chrome" tests="14" failures="0" timestamp="2022-11-13T11:51:31 IST" time="327.461" errors="0">
  <testcase name="verifyPageTitle" time="0.053" classname="com.openmrs.testclass.LoginPageTestCases"/>
  <testcase name="verifyCantLoginHyperTextFunctionality" time="0.505" classname="com.openmrs.testclass.LoginPageTestCases"/>
  <testcase name="verifyLoginWithInvalidUsernameAndPassword" time="2.22" classname="com.openmrs.testclass.LoginPageTestCases"/>
  <testcase name="verifyLoginWithInvalidUsernameAndValidPassword" time="2.723" classname="com.openmrs.testclass.LoginPageTestCases"/>
  <testcase name="verifyLoginWithValidUsernameAndInvalidPassword" time="2.095" classname="com.openmrs.testclass.LoginPageTestCases"/>
  <testcase name="verifyLoginWithBlankUsernameAndPassword" time="0.305" classname="com.openmrs.testclass.LoginPageTestCases"/>
  <testcase name="verifyLoginWithoutLocationSelection" time="0.695" classname="com.openmrs.testclass.LoginPageTestCases"/>
  <testcase name="verifyLoginWithValidUsernameAndPassword" time="3.215" classname="com.openmrs.testclass.LoginPageTestCases"/>
  <testcase name="verifyPageTitle" time="2.533" classname="com.openmrs.testclass.HomePageTestCases"/>
  <testcase name="verifyHomePagesSlabs" time="9.783" classname="com.openmrs.testclass.HomePageTestCases"/>
  <testcase name="verifyAdminButtonFunctionality" time="8.163" classname="com.openmrs.testclass.HomePageTestCases"/>
  <testcase name="verifyChangeLocationFunctionality" time="2.896" classname="com.openmrs.testclass.HomePageTestCases"/>
  <testcase name="verifyAppLogoFunctionality" time="5.685" classname="com.openmrs.testclass.HomePageTestCases"/>
  <testcase name="verifyLogOutFunctionality" time="4.186" classname="com.openmrs.testclass.HomePageTestCases"/>
</testsuite> <!-- All_TC_RunIN_Chrome -->
