<?xml version="1.0" encoding="UTF-8"?>
<testng-results skipped="0" failed="0" ignored="0" total="14" passed="14">
  <reporter-output>
  </reporter-output>
  <suite name="OpenMRS" duration-ms="327461" started-at="2022-11-13T11:46:04 IST" finished-at="2022-11-13T11:51:31 IST">
    <groups>
    </groups>
    <test name="All_TC_RunIN_Chrome" duration-ms="327461" started-at="2022-11-13T11:46:04 IST" finished-at="2022-11-13T11:51:31 IST">
      <class name="com.openmrs.testclass.HomePageTestCases">
        <test-method status="PASS" signature="beforeSuite(java.lang.String,java.lang.String,java.lang.reflect.Method)[pri:0, instance:com.openmrs.testclass.HomePageTestCases@1649b0e6]" name="beforeSuite" is-config="true" duration-ms="12036" started-at="2022-11-13T11:48:44 IST" finished-at="2022-11-13T11:48:56 IST">
          <params>
            <param index="0">
              <value>
                <![CDATA[chrome]]>
              </value>
            </param>
            <param index="1">
              <value>
                <![CDATA[https://demo.openmrs.org/openmrs/login.htm]]>
              </value>
            </param>
            <param index="2">
              <value>
                <![CDATA[public void com.openmrs.testclass.HomePageTestCases.verifyPageTitle()]]>
              </value>
            </param>
          </params>
          <reporter-output>
          </reporter-output>
        </test-method> <!-- beforeSuite -->
        <test-method status="PASS" signature="verifyPageTitle()[pri:0, instance:com.openmrs.testclass.HomePageTestCases@1649b0e6]" name="verifyPageTitle" duration-ms="2533" started-at="2022-11-13T11:48:56 IST" finished-at="2022-11-13T11:48:59 IST">
          <reporter-output>
          </reporter-output>
        </test-method> <!-- verifyPageTitle -->
        <test-method status="PASS" signature="afterMethod(org.testng.ITestResult)[pri:0, instance:com.openmrs.testclass.HomePageTestCases@1649b0e6]" name="afterMethod" is-config="true" duration-ms="895" started-at="2022-11-13T11:48:59 IST" finished-at="2022-11-13T11:49:00 IST">
          <params>
            <param index="0">
              <value>
                <![CDATA[[TestResult name=verifyPageTitle status=SUCCESS method=HomePageTestCases.verifyPageTitle()[pri:0, instance:com.openmrs.testclass.HomePageTestCases@1649b0e6] output={null}]]]>
              </value>
            </param>
          </params>
          <reporter-output>
          </reporter-output>
        </test-method> <!-- afterMethod -->
        <test-method status="PASS" signature="beforeSuite(java.lang.String,java.lang.String,java.lang.reflect.Method)[pri:0, instance:com.openmrs.testclass.HomePageTestCases@1649b0e6]" name="beforeSuite" is-config="true" duration-ms="13513" started-at="2022-11-13T11:49:00 IST" finished-at="2022-11-13T11:49:13 IST">
          <params>
            <param index="0">
              <value>
                <![CDATA[chrome]]>
              </value>
            </param>
            <param index="1">
              <value>
                <![CDATA[https://demo.openmrs.org/openmrs/login.htm]]>
              </value>
            </param>
            <param index="2">
              <value>
                <![CDATA[public void com.openmrs.testclass.HomePageTestCases.verifyHomePagesSlabs()]]>
              </value>
            </param>
          </params>
          <reporter-output>
          </reporter-output>
        </test-method> <!-- beforeSuite -->
        <test-method status="PASS" signature="verifyHomePagesSlabs()[pri:0, instance:com.openmrs.testclass.HomePageTestCases@1649b0e6]" name="verifyHomePagesSlabs" duration-ms="9783" started-at="2022-11-13T11:49:13 IST" finished-at="2022-11-13T11:49:23 IST">
          <reporter-output>
          </reporter-output>
        </test-method> <!-- verifyHomePagesSlabs -->
        <test-method status="PASS" signature="afterMethod(org.testng.ITestResult)[pri:0, instance:com.openmrs.testclass.HomePageTestCases@1649b0e6]" name="afterMethod" is-config="true" duration-ms="6395" started-at="2022-11-13T11:49:23 IST" finished-at="2022-11-13T11:49:30 IST">
          <params>
            <param index="0">
              <value>
                <![CDATA[[TestResult name=verifyHomePagesSlabs status=SUCCESS method=HomePageTestCases.verifyHomePagesSlabs()[pri:0, instance:com.openmrs.testclass.HomePageTestCases@1649b0e6] output={null}]]]>
              </value>
            </param>
          </params>
          <reporter-output>
          </reporter-output>
        </test-method> <!-- afterMethod -->
        <test-method status="PASS" signature="beforeSuite(java.lang.String,java.lang.String,java.lang.reflect.Method)[pri:0, instance:com.openmrs.testclass.HomePageTestCases@1649b0e6]" name="beforeSuite" is-config="true" duration-ms="15266" started-at="2022-11-13T11:49:30 IST" finished-at="2022-11-13T11:49:45 IST">
          <params>
            <param index="0">
              <value>
                <![CDATA[chrome]]>
              </value>
            </param>
            <param index="1">
              <value>
                <![CDATA[https://demo.openmrs.org/openmrs/login.htm]]>
              </value>
            </param>
            <param index="2">
              <value>
                <![CDATA[public void com.openmrs.testclass.HomePageTestCases.verifyAdminButtonFunctionality()]]>
              </value>
            </param>
          </params>
          <reporter-output>
          </reporter-output>
        </test-method> <!-- beforeSuite -->
        <test-method status="PASS" signature="verifyAdminButtonFunctionality()[pri:0, instance:com.openmrs.testclass.HomePageTestCases@1649b0e6]" name="verifyAdminButtonFunctionality" duration-ms="8163" started-at="2022-11-13T11:49:45 IST" finished-at="2022-11-13T11:49:53 IST">
          <reporter-output>
          </reporter-output>
        </test-method> <!-- verifyAdminButtonFunctionality -->
        <test-method status="PASS" signature="afterMethod(org.testng.ITestResult)[pri:0, instance:com.openmrs.testclass.HomePageTestCases@1649b0e6]" name="afterMethod" is-config="true" duration-ms="15938" started-at="2022-11-13T11:49:53 IST" finished-at="2022-11-13T11:50:09 IST">
          <params>
            <param index="0">
              <value>
                <![CDATA[[TestResult name=verifyAdminButtonFunctionality status=SUCCESS method=HomePageTestCases.verifyAdminButtonFunctionality()[pri:0, instance:com.openmrs.testclass.HomePageTestCases@1649b0e6] output={null}]]]>
              </value>
            </param>
          </params>
          <reporter-output>
          </reporter-output>
        </test-method> <!-- afterMethod -->
        <test-method status="PASS" signature="beforeSuite(java.lang.String,java.lang.String,java.lang.reflect.Method)[pri:0, instance:com.openmrs.testclass.HomePageTestCases@1649b0e6]" name="beforeSuite" is-config="true" duration-ms="12983" started-at="2022-11-13T11:50:09 IST" finished-at="2022-11-13T11:50:22 IST">
          <params>
            <param index="0">
              <value>
                <![CDATA[chrome]]>
              </value>
            </param>
            <param index="1">
              <value>
                <![CDATA[https://demo.openmrs.org/openmrs/login.htm]]>
              </value>
            </param>
            <param index="2">
              <value>
                <![CDATA[public void com.openmrs.testclass.HomePageTestCases.verifyChangeLocationFunctionality()]]>
              </value>
            </param>
          </params>
          <reporter-output>
          </reporter-output>
        </test-method> <!-- beforeSuite -->
        <test-method status="PASS" signature="verifyChangeLocationFunctionality()[pri:0, instance:com.openmrs.testclass.HomePageTestCases@1649b0e6]" name="verifyChangeLocationFunctionality" duration-ms="2896" started-at="2022-11-13T11:50:22 IST" finished-at="2022-11-13T11:50:25 IST">
          <reporter-output>
          </reporter-output>
        </test-method> <!-- verifyChangeLocationFunctionality -->
        <test-method status="PASS" signature="afterMethod(org.testng.ITestResult)[pri:0, instance:com.openmrs.testclass.HomePageTestCases@1649b0e6]" name="afterMethod" is-config="true" duration-ms="21049" started-at="2022-11-13T11:50:25 IST" finished-at="2022-11-13T11:50:46 IST">
          <params>
            <param index="0">
              <value>
                <![CDATA[[TestResult name=verifyChangeLocationFunctionality status=SUCCESS method=HomePageTestCases.verifyChangeLocationFunctionality()[pri:0, instance:com.openmrs.testclass.HomePageTestCases@1649b0e6] output={null}]]]>
              </value>
            </param>
          </params>
          <reporter-output>
          </reporter-output>
        </test-method> <!-- afterMethod -->
        <test-method status="PASS" signature="beforeSuite(java.lang.String,java.lang.String,java.lang.reflect.Method)[pri:0, instance:com.openmrs.testclass.HomePageTestCases@1649b0e6]" name="beforeSuite" is-config="true" duration-ms="9245" started-at="2022-11-13T11:50:46 IST" finished-at="2022-11-13T11:50:55 IST">
          <params>
            <param index="0">
              <value>
                <![CDATA[chrome]]>
              </value>
            </param>
            <param index="1">
              <value>
                <![CDATA[https://demo.openmrs.org/openmrs/login.htm]]>
              </value>
            </param>
            <param index="2">
              <value>
                <![CDATA[public void com.openmrs.testclass.HomePageTestCases.verifyAppLogoFunctionality()]]>
              </value>
            </param>
          </params>
          <reporter-output>
          </reporter-output>
        </test-method> <!-- beforeSuite -->
        <test-method status="PASS" signature="verifyAppLogoFunctionality()[pri:0, instance:com.openmrs.testclass.HomePageTestCases@1649b0e6]" name="verifyAppLogoFunctionality" duration-ms="5685" started-at="2022-11-13T11:50:55 IST" finished-at="2022-11-13T11:51:01 IST">
          <reporter-output>
          </reporter-output>
        </test-method> <!-- verifyAppLogoFunctionality -->
        <test-method status="PASS" signature="afterMethod(org.testng.ITestResult)[pri:0, instance:com.openmrs.testclass.HomePageTestCases@1649b0e6]" name="afterMethod" is-config="true" duration-ms="817" started-at="2022-11-13T11:51:01 IST" finished-at="2022-11-13T11:51:02 IST">
          <params>
            <param index="0">
              <value>
                <![CDATA[[TestResult name=verifyAppLogoFunctionality status=SUCCESS method=HomePageTestCases.verifyAppLogoFunctionality()[pri:0, instance:com.openmrs.testclass.HomePageTestCases@1649b0e6] output={null}]]]>
              </value>
            </param>
          </params>
          <reporter-output>
          </reporter-output>
        </test-method> <!-- afterMethod -->
        <test-method status="PASS" signature="beforeSuite(java.lang.String,java.lang.String,java.lang.reflect.Method)[pri:0, instance:com.openmrs.testclass.HomePageTestCases@1649b0e6]" name="beforeSuite" is-config="true" duration-ms="19447" started-at="2022-11-13T11:51:02 IST" finished-at="2022-11-13T11:51:21 IST">
          <params>
            <param index="0">
              <value>
                <![CDATA[chrome]]>
              </value>
            </param>
            <param index="1">
              <value>
                <![CDATA[https://demo.openmrs.org/openmrs/login.htm]]>
              </value>
            </param>
            <param index="2">
              <value>
                <![CDATA[public void com.openmrs.testclass.HomePageTestCases.verifyLogOutFunctionality()]]>
              </value>
            </param>
          </params>
          <reporter-output>
          </reporter-output>
        </test-method> <!-- beforeSuite -->
        <test-method status="PASS" signature="verifyLogOutFunctionality()[pri:0, instance:com.openmrs.testclass.HomePageTestCases@1649b0e6]" name="verifyLogOutFunctionality" duration-ms="4186" started-at="2022-11-13T11:51:21 IST" finished-at="2022-11-13T11:51:25 IST">
          <reporter-output>
          </reporter-output>
        </test-method> <!-- verifyLogOutFunctionality -->
        <test-method status="PASS" signature="afterMethod(org.testng.ITestResult)[pri:0, instance:com.openmrs.testclass.HomePageTestCases@1649b0e6]" name="afterMethod" is-config="true" duration-ms="6090" started-at="2022-11-13T11:51:25 IST" finished-at="2022-11-13T11:51:31 IST">
          <params>
            <param index="0">
              <value>
                <![CDATA[[TestResult name=verifyLogOutFunctionality status=SUCCESS method=HomePageTestCases.verifyLogOutFunctionality()[pri:0, instance:com.openmrs.testclass.HomePageTestCases@1649b0e6] output={null}]]]>
              </value>
            </param>
          </params>
          <reporter-output>
          </reporter-output>
        </test-method> <!-- afterMethod -->
      </class> <!-- com.openmrs.testclass.HomePageTestCases -->
      <class name="com.openmrs.testclass.LoginPageTestCases">
        <test-method status="PASS" signature="beforeSuite(java.lang.String,java.lang.String,java.lang.reflect.Method)[pri:0, instance:com.openmrs.testclass.LoginPageTestCases@55f616cf]" name="beforeSuite" is-config="true" duration-ms="16493" started-at="2022-11-13T11:46:04 IST" finished-at="2022-11-13T11:46:20 IST">
          <params>
            <param index="0">
              <value>
                <![CDATA[chrome]]>
              </value>
            </param>
            <param index="1">
              <value>
                <![CDATA[https://demo.openmrs.org/openmrs/login.htm]]>
              </value>
            </param>
            <param index="2">
              <value>
                <![CDATA[public void com.openmrs.testclass.LoginPageTestCases.verifyPageTitle()]]>
              </value>
            </param>
          </params>
          <reporter-output>
          </reporter-output>
        </test-method> <!-- beforeSuite -->
        <test-method status="PASS" signature="verifyPageTitle()[pri:0, instance:com.openmrs.testclass.LoginPageTestCases@55f616cf]" name="verifyPageTitle" duration-ms="53" started-at="2022-11-13T11:46:20 IST" finished-at="2022-11-13T11:46:21 IST">
          <reporter-output>
          </reporter-output>
        </test-method> <!-- verifyPageTitle -->
        <test-method status="PASS" signature="afterMethod(org.testng.ITestResult)[pri:0, instance:com.openmrs.testclass.LoginPageTestCases@55f616cf]" name="afterMethod" is-config="true" duration-ms="1403" started-at="2022-11-13T11:46:21 IST" finished-at="2022-11-13T11:46:22 IST">
          <params>
            <param index="0">
              <value>
                <![CDATA[[TestResult name=verifyPageTitle status=SUCCESS method=LoginPageTestCases.verifyPageTitle()[pri:0, instance:com.openmrs.testclass.LoginPageTestCases@55f616cf] output={null}]]]>
              </value>
            </param>
          </params>
          <reporter-output>
          </reporter-output>
        </test-method> <!-- afterMethod -->
        <test-method status="PASS" signature="beforeSuite(java.lang.String,java.lang.String,java.lang.reflect.Method)[pri:0, instance:com.openmrs.testclass.LoginPageTestCases@55f616cf]" name="beforeSuite" is-config="true" duration-ms="12246" started-at="2022-11-13T11:46:22 IST" finished-at="2022-11-13T11:46:34 IST">
          <params>
            <param index="0">
              <value>
                <![CDATA[chrome]]>
              </value>
            </param>
            <param index="1">
              <value>
                <![CDATA[https://demo.openmrs.org/openmrs/login.htm]]>
              </value>
            </param>
            <param index="2">
              <value>
                <![CDATA[public void com.openmrs.testclass.LoginPageTestCases.verifyCantLoginHyperTextFunctionality()]]>
              </value>
            </param>
          </params>
          <reporter-output>
          </reporter-output>
        </test-method> <!-- beforeSuite -->
        <test-method status="PASS" signature="verifyCantLoginHyperTextFunctionality()[pri:0, instance:com.openmrs.testclass.LoginPageTestCases@55f616cf]" name="verifyCantLoginHyperTextFunctionality" duration-ms="505" started-at="2022-11-13T11:46:34 IST" finished-at="2022-11-13T11:46:35 IST">
          <reporter-output>
          </reporter-output>
        </test-method> <!-- verifyCantLoginHyperTextFunctionality -->
        <test-method status="PASS" signature="afterMethod(org.testng.ITestResult)[pri:0, instance:com.openmrs.testclass.LoginPageTestCases@55f616cf]" name="afterMethod" is-config="true" duration-ms="883" started-at="2022-11-13T11:46:35 IST" finished-at="2022-11-13T11:46:36 IST">
          <params>
            <param index="0">
              <value>
                <![CDATA[[TestResult name=verifyCantLoginHyperTextFunctionality status=SUCCESS method=LoginPageTestCases.verifyCantLoginHyperTextFunctionality()[pri:0, instance:com.openmrs.testclass.LoginPageTestCases@55f616cf] output={null}]]]>
              </value>
            </param>
          </params>
          <reporter-output>
          </reporter-output>
        </test-method> <!-- afterMethod -->
        <test-method status="PASS" signature="beforeSuite(java.lang.String,java.lang.String,java.lang.reflect.Method)[pri:0, instance:com.openmrs.testclass.LoginPageTestCases@55f616cf]" name="beforeSuite" is-config="true" duration-ms="9830" started-at="2022-11-13T11:46:36 IST" finished-at="2022-11-13T11:46:45 IST">
          <params>
            <param index="0">
              <value>
                <![CDATA[chrome]]>
              </value>
            </param>
            <param index="1">
              <value>
                <![CDATA[https://demo.openmrs.org/openmrs/login.htm]]>
              </value>
            </param>
            <param index="2">
              <value>
                <![CDATA[public void com.openmrs.testclass.LoginPageTestCases.verifyLoginWithInvalidUsernameAndPassword()]]>
              </value>
            </param>
          </params>
          <reporter-output>
          </reporter-output>
        </test-method> <!-- beforeSuite -->
        <test-method status="PASS" signature="verifyLoginWithInvalidUsernameAndPassword()[pri:0, instance:com.openmrs.testclass.LoginPageTestCases@55f616cf]" name="verifyLoginWithInvalidUsernameAndPassword" duration-ms="2220" started-at="2022-11-13T11:46:45 IST" finished-at="2022-11-13T11:46:48 IST">
          <reporter-output>
          </reporter-output>
        </test-method> <!-- verifyLoginWithInvalidUsernameAndPassword -->
        <test-method status="PASS" signature="afterMethod(org.testng.ITestResult)[pri:0, instance:com.openmrs.testclass.LoginPageTestCases@55f616cf]" name="afterMethod" is-config="true" duration-ms="18764" started-at="2022-11-13T11:46:48 IST" finished-at="2022-11-13T11:47:06 IST">
          <params>
            <param index="0">
              <value>
                <![CDATA[[TestResult name=verifyLoginWithInvalidUsernameAndPassword status=SUCCESS method=LoginPageTestCases.verifyLoginWithInvalidUsernameAndPassword()[pri:0, instance:com.openmrs.testclass.LoginPageTestCases@55f616cf] output={null}]]]>
              </value>
            </param>
          </params>
          <reporter-output>
          </reporter-output>
        </test-method> <!-- afterMethod -->
        <test-method status="PASS" signature="beforeSuite(java.lang.String,java.lang.String,java.lang.reflect.Method)[pri:0, instance:com.openmrs.testclass.LoginPageTestCases@55f616cf]" name="beforeSuite" is-config="true" duration-ms="24524" started-at="2022-11-13T11:47:06 IST" finished-at="2022-11-13T11:47:31 IST">
          <params>
            <param index="0">
              <value>
                <![CDATA[chrome]]>
              </value>
            </param>
            <param index="1">
              <value>
                <![CDATA[https://demo.openmrs.org/openmrs/login.htm]]>
              </value>
            </param>
            <param index="2">
              <value>
                <![CDATA[public void com.openmrs.testclass.LoginPageTestCases.verifyLoginWithInvalidUsernameAndValidPassword()]]>
              </value>
            </param>
          </params>
          <reporter-output>
          </reporter-output>
        </test-method> <!-- beforeSuite -->
        <test-method status="PASS" signature="verifyLoginWithInvalidUsernameAndValidPassword()[pri:0, instance:com.openmrs.testclass.LoginPageTestCases@55f616cf]" name="verifyLoginWithInvalidUsernameAndValidPassword" duration-ms="2723" started-at="2022-11-13T11:47:31 IST" finished-at="2022-11-13T11:47:34 IST">
          <reporter-output>
          </reporter-output>
        </test-method> <!-- verifyLoginWithInvalidUsernameAndValidPassword -->
        <test-method status="PASS" signature="afterMethod(org.testng.ITestResult)[pri:0, instance:com.openmrs.testclass.LoginPageTestCases@55f616cf]" name="afterMethod" is-config="true" duration-ms="13703" started-at="2022-11-13T11:47:34 IST" finished-at="2022-11-13T11:47:47 IST">
          <params>
            <param index="0">
              <value>
                <![CDATA[[TestResult name=verifyLoginWithInvalidUsernameAndValidPassword status=SUCCESS method=LoginPageTestCases.verifyLoginWithInvalidUsernameAndValidPassword()[pri:0, instance:com.openmrs.testclass.LoginPageTestCases@55f616cf] output={null}]]]>
              </value>
            </param>
          </params>
          <reporter-output>
          </reporter-output>
        </test-method> <!-- afterMethod -->
        <test-method status="PASS" signature="beforeSuite(java.lang.String,java.lang.String,java.lang.reflect.Method)[pri:0, instance:com.openmrs.testclass.LoginPageTestCases@55f616cf]" name="beforeSuite" is-config="true" duration-ms="11152" started-at="2022-11-13T11:47:47 IST" finished-at="2022-11-13T11:47:58 IST">
          <params>
            <param index="0">
              <value>
                <![CDATA[chrome]]>
              </value>
            </param>
            <param index="1">
              <value>
                <![CDATA[https://demo.openmrs.org/openmrs/login.htm]]>
              </value>
            </param>
            <param index="2">
              <value>
                <![CDATA[public void com.openmrs.testclass.LoginPageTestCases.verifyLoginWithValidUsernameAndInvalidPassword()]]>
              </value>
            </param>
          </params>
          <reporter-output>
          </reporter-output>
        </test-method> <!-- beforeSuite -->
        <test-method status="PASS" signature="verifyLoginWithValidUsernameAndInvalidPassword()[pri:0, instance:com.openmrs.testclass.LoginPageTestCases@55f616cf]" name="verifyLoginWithValidUsernameAndInvalidPassword" duration-ms="2095" started-at="2022-11-13T11:47:58 IST" finished-at="2022-11-13T11:48:01 IST">
          <reporter-output>
          </reporter-output>
        </test-method> <!-- verifyLoginWithValidUsernameAndInvalidPassword -->
        <test-method status="PASS" signature="afterMethod(org.testng.ITestResult)[pri:0, instance:com.openmrs.testclass.LoginPageTestCases@55f616cf]" name="afterMethod" is-config="true" duration-ms="1383" started-at="2022-11-13T11:48:01 IST" finished-at="2022-11-13T11:48:02 IST">
          <params>
            <param index="0">
              <value>
                <![CDATA[[TestResult name=verifyLoginWithValidUsernameAndInvalidPassword status=SUCCESS method=LoginPageTestCases.verifyLoginWithValidUsernameAndInvalidPassword()[pri:0, instance:com.openmrs.testclass.LoginPageTestCases@55f616cf] output={null}]]]>
              </value>
            </param>
          </params>
          <reporter-output>
          </reporter-output>
        </test-method> <!-- afterMethod -->
        <test-method status="PASS" signature="beforeSuite(java.lang.String,java.lang.String,java.lang.reflect.Method)[pri:0, instance:com.openmrs.testclass.LoginPageTestCases@55f616cf]" name="beforeSuite" is-config="true" duration-ms="9953" started-at="2022-11-13T11:48:02 IST" finished-at="2022-11-13T11:48:12 IST">
          <params>
            <param index="0">
              <value>
                <![CDATA[chrome]]>
              </value>
            </param>
            <param index="1">
              <value>
                <![CDATA[https://demo.openmrs.org/openmrs/login.htm]]>
              </value>
            </param>
            <param index="2">
              <value>
                <![CDATA[public void com.openmrs.testclass.LoginPageTestCases.verifyLoginWithBlankUsernameAndPassword()]]>
              </value>
            </param>
          </params>
          <reporter-output>
          </reporter-output>
        </test-method> <!-- beforeSuite -->
        <test-method status="PASS" signature="verifyLoginWithBlankUsernameAndPassword()[pri:0, instance:com.openmrs.testclass.LoginPageTestCases@55f616cf]" name="verifyLoginWithBlankUsernameAndPassword" duration-ms="305" started-at="2022-11-13T11:48:12 IST" finished-at="2022-11-13T11:48:12 IST">
          <reporter-output>
          </reporter-output>
        </test-method> <!-- verifyLoginWithBlankUsernameAndPassword -->
        <test-method status="PASS" signature="afterMethod(org.testng.ITestResult)[pri:0, instance:com.openmrs.testclass.LoginPageTestCases@55f616cf]" name="afterMethod" is-config="true" duration-ms="1380" started-at="2022-11-13T11:48:12 IST" finished-at="2022-11-13T11:48:14 IST">
          <params>
            <param index="0">
              <value>
                <![CDATA[[TestResult name=verifyLoginWithBlankUsernameAndPassword status=SUCCESS method=LoginPageTestCases.verifyLoginWithBlankUsernameAndPassword()[pri:0, instance:com.openmrs.testclass.LoginPageTestCases@55f616cf] output={null}]]]>
              </value>
            </param>
          </params>
          <reporter-output>
          </reporter-output>
        </test-method> <!-- afterMethod -->
        <test-method status="PASS" signature="beforeSuite(java.lang.String,java.lang.String,java.lang.reflect.Method)[pri:0, instance:com.openmrs.testclass.LoginPageTestCases@55f616cf]" name="beforeSuite" is-config="true" duration-ms="14066" started-at="2022-11-13T11:48:14 IST" finished-at="2022-11-13T11:48:28 IST">
          <params>
            <param index="0">
              <value>
                <![CDATA[chrome]]>
              </value>
            </param>
            <param index="1">
              <value>
                <![CDATA[https://demo.openmrs.org/openmrs/login.htm]]>
              </value>
            </param>
            <param index="2">
              <value>
                <![CDATA[public void com.openmrs.testclass.LoginPageTestCases.verifyLoginWithoutLocationSelection()]]>
              </value>
            </param>
          </params>
          <reporter-output>
          </reporter-output>
        </test-method> <!-- beforeSuite -->
        <test-method status="PASS" signature="verifyLoginWithoutLocationSelection()[pri:0, instance:com.openmrs.testclass.LoginPageTestCases@55f616cf]" name="verifyLoginWithoutLocationSelection" duration-ms="695" started-at="2022-11-13T11:48:28 IST" finished-at="2022-11-13T11:48:28 IST">
          <reporter-output>
          </reporter-output>
        </test-method> <!-- verifyLoginWithoutLocationSelection -->
        <test-method status="PASS" signature="afterMethod(org.testng.ITestResult)[pri:0, instance:com.openmrs.testclass.LoginPageTestCases@55f616cf]" name="afterMethod" is-config="true" duration-ms="864" started-at="2022-11-13T11:48:28 IST" finished-at="2022-11-13T11:48:29 IST">
          <params>
            <param index="0">
              <value>
                <![CDATA[[TestResult name=verifyLoginWithoutLocationSelection status=SUCCESS method=LoginPageTestCases.verifyLoginWithoutLocationSelection()[pri:0, instance:com.openmrs.testclass.LoginPageTestCases@55f616cf] output={null}]]]>
              </value>
            </param>
          </params>
          <reporter-output>
          </reporter-output>
        </test-method> <!-- afterMethod -->
        <test-method status="PASS" signature="beforeSuite(java.lang.String,java.lang.String,java.lang.reflect.Method)[pri:0, instance:com.openmrs.testclass.LoginPageTestCases@55f616cf]" name="beforeSuite" is-config="true" duration-ms="11007" started-at="2022-11-13T11:48:29 IST" finished-at="2022-11-13T11:48:40 IST">
          <params>
            <param index="0">
              <value>
                <![CDATA[chrome]]>
              </value>
            </param>
            <param index="1">
              <value>
                <![CDATA[https://demo.openmrs.org/openmrs/login.htm]]>
              </value>
            </param>
            <param index="2">
              <value>
                <![CDATA[public void com.openmrs.testclass.LoginPageTestCases.verifyLoginWithValidUsernameAndPassword()]]>
              </value>
            </param>
          </params>
          <reporter-output>
          </reporter-output>
        </test-method> <!-- beforeSuite -->
        <test-method status="PASS" signature="verifyLoginWithValidUsernameAndPassword()[pri:0, instance:com.openmrs.testclass.LoginPageTestCases@55f616cf]" name="verifyLoginWithValidUsernameAndPassword" duration-ms="3215" started-at="2022-11-13T11:48:40 IST" finished-at="2022-11-13T11:48:43 IST">
          <reporter-output>
          </reporter-output>
        </test-method> <!-- verifyLoginWithValidUsernameAndPassword -->
        <test-method status="PASS" signature="afterMethod(org.testng.ITestResult)[pri:0, instance:com.openmrs.testclass.LoginPageTestCases@55f616cf]" name="afterMethod" is-config="true" duration-ms="965" started-at="2022-11-13T11:48:43 IST" finished-at="2022-11-13T11:48:44 IST">
          <params>
            <param index="0">
              <value>
                <![CDATA[[TestResult name=verifyLoginWithValidUsernameAndPassword status=SUCCESS method=LoginPageTestCases.verifyLoginWithValidUsernameAndPassword()[pri:0, instance:com.openmrs.testclass.LoginPageTestCases@55f616cf] output={null}]]]>
              </value>
            </param>
          </params>
          <reporter-output>
          </reporter-output>
        </test-method> <!-- afterMethod -->
      </class> <!-- com.openmrs.testclass.LoginPageTestCases -->
    </test> <!-- All_TC_RunIN_Chrome -->
  </suite> <!-- OpenMRS -->
</testng-results>
